<?xml version="1.0" encoding="UTF-8"?>
<!-- Generated by org.testng.reporters.JUnitXMLReporter -->
<testsuite ignored="4" hostname="DESKTOP-P7FBO29" failures="0" tests="1" name="LoginTest" time="10.912" errors="0" timestamp="2024-01-30T18:57:54 IST">
  <testcase classname="com.qa.base.Live_project" name="Login_with_Valid_credentials" time="3.435"/>
  <testcase classname="com.qa.base.Live_project" name="Login_with_Invalid_username_Valid_Password" time="0.0">
    <ignored/>
  </testcase> <!-- Login_with_Invalid_username_Valid_Password -->
  <testcase classname="com.qa.base.Live_project" name="Login_with_Blank_Values" time="0.0">
    <ignored/>
  </testcase> <!-- Login_with_Blank_Values -->
  <testcase classname="com.qa.base.Live_project" name="Login_with_Invalid_Credentials" time="0.0">
    <ignored/>
  </testcase> <!-- Login_with_Invalid_Credentials -->
  <testcase classname="com.qa.base.Live_project" name="Login_with_Valid_username_Invalid_Password" time="0.0">
    <ignored/>
  </testcase> <!-- Login_with_Valid_username_Invalid_Password -->
</testsuite> <!-- LoginTest -->
